<?xml version="1.0" encoding="UTF-8"?>
<!-- Generated by org.testng.reporters.JUnitReportReporter -->
<testsuite hostname="LAPTOP-Q2D84OB5" failures="0" tests="2" name="TestRunner.Runnerfile" time="12.680" errors="0" timestamp="2025-01-07T07:22:26 CST" skipped="0">
  <testcase classname="TestRunner.Runnerfile" name="runScenario" time="6.397"/>
  <system-out/>
  <testcase classname="TestRunner.Runnerfile" name="runScenario" time="6.283"/>
  <system-out/>
</testsuite> <!-- TestRunner.Runnerfile -->
