<?xml version="1.0" encoding="UTF-8"?>
<!-- Generated by org.testng.reporters.JUnitReportReporter -->
<testsuite hostname="LAPTOP-Q2D84OB5" failures="0" tests="2" name="TestRunner.Runnerfile" time="34.858" errors="0" timestamp="2025-01-06T00:53:29 CST" skipped="0">
  <testcase classname="TestRunner.Runnerfile" name="runScenario" time="25.678"/>
  <system-out/>
  <testcase classname="TestRunner.Runnerfile" name="runScenario" time="9.180"/>
  <system-out/>
</testsuite> <!-- TestRunner.Runnerfile -->
